SF:/Users/work/.vscode/extensions/ms-python.python-2026.4.0-darwin-arm64/python_files/vscode_pytest/__init__.py
DA:4,0
DA:6,0
DA:7,0
DA:8,0
DA:9,0
DA:10,0
DA:11,0
DA:12,0
DA:13,0
DA:24,0
DA:30,0
DA:32,0
DA:33,0
DA:35,0
DA:38,0
DA:41,0
DA:42,0
DA:45,0
DA:48,0
DA:49,0
DA:50,0
DA:51,0
DA:54,0
DA:57,0
DA:58,0
DA:61,0
DA:64,0
DA:65,0
DA:68,0
DA:71,0
DA:72,0
DA:75,0
DA:76,0
DA:77,0
DA:78,0
DA:79,0
DA:80,0
DA:83,0
DA:84,0
DA:87,0
DA:88,0
DA:89,0
DA:92,0
DA:101,0
DA:102,0
DA:103,0
DA:106,0
DA:107,1
DA:110,1
DA:111,1
DA:112,0
DA:115,1
DA:117,0
DA:120,1
DA:121,1
DA:127,1
DA:128,0
DA:129,1
DA:131,0
DA:134,1
DA:135,1
DA:136,1
DA:137,1
DA:138,0
DA:143,1
DA:145,1
DA:146,0
DA:147,0
DA:150,1
DA:151,0
DA:152,0
DA:153,1
DA:154,0
DA:158,0
DA:161,0
DA:169,0
DA:172,0
DA:183,0
DA:184,0
DA:185,0
DA:186,0
DA:187,0
DA:189,0
DA:192,0
DA:193,0
DA:194,0
DA:195,0
DA:196,0
DA:197,0
DA:198,0
DA:204,0
DA:205,0
DA:206,0
DA:207,0
DA:214,0
DA:217,0
DA:218,0
DA:221,0
DA:223,0
DA:224,0
DA:225,0
DA:226,0
DA:229,0
DA:241,0
DA:242,0
DA:245,0
DA:252,0
DA:255,0
DA:261,0
DA:262,0
DA:263,0
DA:264,0
DA:265,0
DA:268,0
DA:276,0
DA:285,0
DA:288,0
DA:289,0
DA:292,0
DA:293,0
DA:302,0
DA:303,0
DA:304,0
DA:306,0
DA:307,0
DA:308,0
DA:309,0
DA:310,0
DA:311,0
DA:312,0
DA:313,0
DA:314,0
DA:315,0
DA:316,0
DA:317,0
DA:318,0
DA:320,0
DA:321,0
DA:322,0
DA:323,0
DA:329,0
DA:330,0
DA:331,0
DA:336,0
DA:339,0
DA:347,0
DA:348,0
DA:349,0
DA:350,0
DA:351,0
DA:352,0
DA:353,0
DA:354,0
DA:355,0
DA:356,0
DA:357,0
DA:363,0
DA:364,0
DA:365,0
DA:370,0
DA:373,0
DA:381,0
DA:382,0
DA:383,0
DA:384,0
DA:385,0
DA:386,0
DA:387,0
DA:388,0
DA:391,0
DA:397,0
DA:400,0
DA:401,0
DA:402,0
DA:403,0
DA:404,0
DA:405,0
DA:408,0
DA:409,0
DA:410,0
DA:411,0
DA:412,0
DA:415,0
DA:431,0
DA:432,0
DA:433,0
DA:434,0
DA:436,0
DA:437,0
DA:438,0
DA:445,0
DA:446,0
DA:447,0
DA:448,0
DA:449,0
DA:453,0
DA:454,0
DA:455,0
DA:458,0
DA:465,0
DA:467,0
DA:468,0
DA:470,0
DA:473,0
DA:475,0
DA:483,0
DA:484,0
DA:486,0
DA:489,0
DA:490,0
DA:491,0
DA:493,0
DA:495,0
DA:498,0
DA:499,0
DA:502,0
DA:504,0
DA:505,0
DA:506,0
DA:507,0
DA:509,0
DA:510,0
DA:512,0
DA:513,0
DA:516,0
DA:517,0
DA:518,0
DA:519,0
DA:520,0
DA:521,0
DA:523,0
DA:524,0
DA:525,0
DA:526,0
DA:527,0
DA:529,0
DA:530,0
DA:531,0
DA:534,0
DA:538,0
DA:540,0
DA:541,0
DA:542,0
DA:545,0
DA:546,0
DA:547,0
DA:548,0
DA:549,0
DA:556,0
DA:557,0
DA:558,0
DA:560,0
DA:566,0
DA:569,0
DA:584,0
DA:585,0
DA:588,0
DA:589,0
DA:592,0
DA:594,0
DA:597,0
DA:598,0
DA:599,0
DA:600,0
DA:601,0
DA:602,0
DA:603,0
DA:604,0
DA:605,0
DA:610,0
DA:611,0
DA:612,0
DA:614,0
DA:617,0
DA:634,0
DA:636,0
DA:637,0
DA:639,0
DA:642,0
DA:646,0
DA:648,0
DA:650,0
DA:651,0
DA:652,0
DA:653,0
DA:656,0
DA:660,0
DA:661,0
DA:662,0
DA:665,0
DA:667,0
DA:668,0
DA:671,0
DA:673,0
DA:674,0
DA:675,0
DA:676,0
DA:677,0
DA:678,0
DA:679,0
DA:680,0
DA:683,0
DA:686,0
DA:695,0
DA:696,0
DA:697,0
DA:698,0
DA:699,0
DA:702,0
DA:703,0
DA:704,0
DA:706,0
DA:707,0
DA:708,0
DA:710,0
DA:713,0
DA:716,0
DA:717,0
DA:718,0
DA:719,0
DA:723,0
DA:724,0
DA:725,0
DA:726,0
DA:728,0
DA:729,0
DA:731,0
DA:732,0
DA:734,0
DA:735,0
DA:737,0
DA:738,0
DA:739,0
DA:741,0
DA:742,0
DA:743,0
DA:744,0
DA:745,0
DA:747,0
DA:748,0
DA:749,0
DA:751,0
DA:752,0
DA:753,0
DA:754,0
DA:760,0
DA:761,0
DA:762,0
DA:763,0
DA:764,0
DA:765,0
DA:767,0
DA:770,0
DA:771,0
DA:774,0
DA:788,0
DA:789,0
DA:790,0
DA:791,0
DA:792,0
DA:793,0
DA:794,0
DA:796,0
DA:799,0
DA:800,0
DA:801,0
DA:802,0
DA:803,0
DA:804,0
DA:805,0
DA:806,0
DA:807,0
DA:808,0
DA:809,0
DA:810,0
DA:811,0
DA:812,0
DA:813,0
DA:815,0
DA:816,0
DA:817,0
DA:823,0
DA:826,0
DA:834,0
DA:837,0
DA:838,0
DA:848,0
DA:855,0
DA:856,0
DA:865,0
DA:872,0
DA:873,0
DA:874,0
DA:875,0
DA:877,0
DA:878,0
DA:879,0
DA:881,0
DA:883,0
DA:893,0
DA:904,0
DA:913,0
DA:919,0
DA:928,0
DA:935,0
DA:944,0
DA:947,0
DA:948,0
DA:949,0
DA:950,0
DA:953,0
DA:956,0
DA:957,0
DA:958,0
DA:959,0
DA:960,0
DA:963,0
DA:966,0
DA:967,0
DA:968,0
DA:969,0
DA:972,0
DA:984,0
DA:985,0
DA:986,0
DA:989,0
DA:1008,0
DA:1009,0
DA:1010,0
DA:1012,0
DA:1013,0
DA:1014,0
DA:1015,0
DA:1017,0
DA:1018,0
DA:1023,0
DA:1025,0
DA:1028,0
DA:1029,0
DA:1030,0
DA:1031,0
DA:1033,0
DA:1039,0
DA:1040,0
DA:1041,0
DA:1043,0
DA:1044,0
DA:1045,0
DA:1050,0
DA:1053,0
DA:1054,0
DA:1057,0
DA:1058,0
DA:1061,0
DA:1071,0
DA:1074,0
DA:1075,0
DA:1076,0
DA:1079,0
DA:1087,0
DA:1093,0
DA:1094,0
DA:1095,0
DA:1098,0
DA:1101,0
DA:1102,0
DA:1103,0
DA:1104,0
DA:1107,0
DA:1118,0
DA:1119,0
DA:1125,0
DA:1126,0
DA:1130,0
DA:1131,0
DA:1132,0
DA:1133,0
DA:1134,0
DA:1135,0
DA:1136,0
DA:1142,0
DA:1143,0
DA:1145,0
DA:1149,0
DA:1150,0
DA:1151,0
DA:1152,0
DA:1155,0
DA:1156,0
DA:1157,0
DA:1158,0
DA:1159,0
DA:1160,0
DA:1161,0
DA:1163,0
DA:1167,0
DA:1168,0
DA:1174,0
DA:1175,0
DA:1176,0
DA:1180,0
DA:1181,0
DA:1182,0
DA:1183,0
DA:1184,0
DA:1187,0
DA:1188,1
DA:1189,1
DA:1197,0
LF:509
LH:18
FN:71,72,VSCodePytestError.__init__
FNDA:0,VSCodePytestError.__init__
FN:92,103,get_test_root_path
FNDA:0,get_test_root_path
FN:106,158,pytest_load_initial_conftests
FNDA:1,pytest_load_initial_conftests
FN:161,169,pytest_internalerror
FNDA:0,pytest_internalerror
FN:172,211,pytest_exception_interact
FNDA:0,pytest_exception_interact
FN:214,226,has_symlink_parent
FNDA:0,has_symlink_parent
FN:229,242,get_absolute_test_id
FNDA:0,get_absolute_test_id
FN:245,252,pytest_keyboard_interrupt
FNDA:0,pytest_keyboard_interrupt
FN:268,282,create_test_outcome
FNDA:0,create_test_outcome
FN:293,336,pytest_report_teststatus
FNDA:0,pytest_report_teststatus
FN:348,370,pytest_runtest_protocol
FNDA:0,pytest_runtest_protocol
FN:373,388,check_skipped_wrapper
FNDA:0,check_skipped_wrapper
FN:391,405,check_skipped_condition
FNDA:0,check_skipped_condition
FN:415,566,pytest_sessionfinish
FNDA:0,pytest_sessionfinish
FN:569,614,construct_nested_folders
FNDA:0,construct_nested_folders
FN:617,683,process_parameterized_test
FNDA:0,process_parameterized_test
FN:686,771,build_test_tree
FNDA:0,build_test_tree
FN:774,823,build_nested_folders
FNDA:0,build_nested_folders
FN:826,845,create_test_node
FNDA:0,create_test_node
FN:848,862,create_session_node
FNDA:0,create_session_node
FN:865,890,create_class_node
FNDA:0,create_class_node
FN:893,910,create_parameterized_function_node
FNDA:0,create_parameterized_function_node
FN:913,925,create_file_node
FNDA:0,create_file_node
FN:928,941,create_folder_node
FNDA:0,create_folder_node
FN:972,986,cached_fsdecode
FNDA:0,cached_fsdecode
FN:989,1054,get_node_path
FNDA:0,get_node_path
FN:1061,1076,send_execution_message
FNDA:0,send_execution_message
FN:1079,1095,send_discovery_message
FNDA:0,send_discovery_message
FN:1101,1104,PathEncoder.default
FNDA:0,PathEncoder.default
FN:1107,1171,send_message
FNDA:0,send_message
FN:1176,1184,DeferPlugin.pytest_xdist_auto_num_workers
FNDA:0,DeferPlugin.pytest_xdist_auto_num_workers
FN:1187,1197,pytest_plugin_registered
FNDA:1,pytest_plugin_registered
FNF:32
FNH:2
end_of_record
SF:/Users/work/Developer/GNSS/canvodpy/conftest.py
DA:3,1
DA:4,1
DA:6,1
DA:9,1
DA:10,1
DA:18,1
DA:19,1
DA:27,0
DA:28,0
DA:29,0
DA:37,1
DA:38,1
DA:45,0
DA:46,0
DA:50,0
DA:53,1
DA:54,1
DA:56,0
DA:59,1
DA:60,1
DA:62,0
DA:65,1
DA:66,1
DA:68,0
DA:71,1
DA:72,1
DA:74,0
DA:75,0
DA:76,0
DA:78,0
DA:83,0
DA:84,0
DA:85,0
DA:88,1
DA:89,1
DA:91,0
DA:92,0
DA:93,0
DA:95,0
DA:100,0
DA:101,0
DA:102,0
DA:105,1
DA:106,1
DA:108,0
DA:111,1
DA:112,1
DA:114,0
DA:117,1
DA:118,1
DA:120,0
DA:123,1
DA:124,1
DA:126,0
DA:127,0
DA:128,0
DA:129,0
DA:130,0
DA:131,0
DA:132,0
DA:135,1
DA:136,1
DA:138,0
DA:139,0
DA:140,0
DA:141,0
DA:142,0
DA:143,0
DA:144,0
DA:148,1
DA:158,1
DA:159,1
DA:166,0
DA:167,0
DA:170,0
DA:173,1
DA:174,1
DA:176,0
DA:179,1
DA:180,1
DA:182,0
DA:185,1
DA:186,1
DA:188,0
DA:191,1
DA:192,1
DA:194,0
DA:195,0
DA:196,0
DA:198,0
DA:203,0
DA:204,0
DA:205,0
DA:208,1
DA:209,1
DA:211,0
DA:212,0
DA:213,0
DA:215,0
DA:220,0
DA:221,0
DA:222,0
DA:225,1
DA:226,1
DA:228,0
DA:229,0
DA:230,0
DA:231,0
DA:234,1
DA:235,1
DA:237,0
DA:238,0
DA:239,0
DA:240,0
DA:244,1
LF:115
LH:47
FN:19,29,_suppress_dask_shutdown_noise
FNDA:0,_suppress_dask_shutdown_noise
FN:38,50,test_data_dir
FNDA:0,test_data_dir
FN:54,56,valid_test_data_dir
FNDA:0,valid_test_data_dir
FN:60,62,valid_rinex_dir
FNDA:0,valid_rinex_dir
FN:66,68,valid_aux_dir
FNDA:0,valid_aux_dir
FN:72,85,rosalia_reference_test_rinex
FNDA:0,rosalia_reference_test_rinex
FN:89,102,rosalia_canopy_test_rinex
FNDA:0,rosalia_canopy_test_rinex
FN:106,108,corrupted_rinex_dir
FNDA:0,corrupted_rinex_dir
FN:112,114,corrupted_aux_dir
FNDA:0,corrupted_aux_dir
FN:118,120,edge_case_dir
FNDA:0,edge_case_dir
FN:124,132,sample_sp3_file
FNDA:0,sample_sp3_file
FN:136,144,sample_clk_file
FNDA:0,sample_clk_file
FN:159,170,demo_dir
FNDA:0,demo_dir
FN:174,176,demo_data_dir
FNDA:0,demo_data_dir
FN:180,182,demo_rosalia_dir
FNDA:0,demo_rosalia_dir
FN:186,188,demo_aux_dir
FNDA:0,demo_aux_dir
FN:192,205,demo_rosalia_reference
FNDA:0,demo_rosalia_reference
FN:209,222,demo_rosalia_canopy
FNDA:0,demo_rosalia_canopy
FN:226,231,demo_rosalia_reference_day
FNDA:0,demo_rosalia_reference_day
FN:235,240,demo_rosalia_canopy_day
FNDA:0,demo_rosalia_canopy_day
FNF:20
FNH:0
end_of_record
